# JRE version: OpenJDK Runtime Environment (8.0_242-b01) (build 1.8.0_242-release-1644-b01)
# Java VM: OpenJDK 64-Bit Server VM (25.242-b01 mixed mode windows-amd64 compressed oops)
Heap:
 PSYoungGen      total 260608K, used 249014K [0x00000000d5580000, 0x00000000e8000000, 0x0000000100000000)
  eden space 241664K, 95% used [0x00000000d5580000,0x00000000e36a3f68,0x00000000e4180000)
  from space 18944K, 97% used [0x00000000e6d80000,0x00000000e7f89a88,0x00000000e8000000)
  to   space 22016K, 0% used [0x00000000e5500000,0x00000000e5500000,0x00000000e6a80000)
 ParOldGen       total 95744K, used 36544K [0x0000000080000000, 0x0000000085d80000, 0x00000000d5580000)
  object space 95744K, 38% used [0x0000000080000000,0x00000000823b0338,0x0000000085d80000)
 Metaspace       used 66455K, capacity 69718K, committed 69928K, reserved 1110016K
  class space    used 9115K, capacity 9775K, committed 9776K, reserved 1048576K
GC Heap History (10 events):
Event: 10.519 GC heap before
{Heap before GC invocations=13 (full 2):
 PSYoungGen      total 154112K, used 142848K [0x00000000d5580000, 0x00000000df900000, 0x0000000100000000)
  eden space 142848K, 100% used [0x00000000d5580000,0x00000000de100000,0x00000000de100000)
  from space 11264K, 0% used [0x00000000ded00000,0x00000000ded00000,0x00000000df800000)
  to   space 12288K, 0% used [0x00000000de100000,0x00000000de100000,0x00000000ded00000)
 ParOldGen       total 56320K, used 15818K [0x0000000080000000, 0x0000000083700000, 0x00000000d5580000)
  object space 56320K, 28% used [0x0000000080000000,0x0000000080f72b40,0x0000000083700000)
 Metaspace       used 40864K, capacity 42586K, committed 42920K, reserved 1085440K
  class space    used 5608K, capacity 6001K, committed 6064K, reserved 1048576K
Event: 10.532 GC heap after
Heap after GC invocations=13 (full 2):
 PSYoungGen      total 155136K, used 12261K [0x00000000d5580000, 0x00000000e3480000, 0x0000000100000000)
  eden space 142848K, 0% used [0x00000000d5580000,0x00000000d5580000,0x00000000de100000)
  from space 12288K, 99% used [0x00000000de100000,0x00000000decf95b0,0x00000000ded00000)
  to   space 14336K, 0% used [0x00000000e2680000,0x00000000e2680000,0x00000000e3480000)
 ParOldGen       total 56320K, used 16401K [0x0000000080000000, 0x0000000083700000, 0x00000000d5580000)
  object space 56320K, 29% used [0x0000000080000000,0x00000000810047a0,0x0000000083700000)
 Metaspace       used 40864K, capacity 42586K, committed 42920K, reserved 1085440K
  class space    used 5608K, capacity 6001K, committed 6064K, reserved 1048576K
}
Event: 12.591 GC heap before
{Heap before GC invocations=14 (full 2):
 PSYoungGen      total 155136K, used 155109K [0x00000000d5580000, 0x00000000e3480000, 0x0000000100000000)
  eden space 142848K, 100% used [0x00000000d5580000,0x00000000de100000,0x00000000de100000)
  from space 12288K, 99% used [0x00000000de100000,0x00000000decf95b0,0x00000000ded00000)
  to   space 14336K, 0% used [0x00000000e2680000,0x00000000e2680000,0x00000000e3480000)
 ParOldGen       total 56320K, used 16401K [0x0000000080000000, 0x0000000083700000, 0x00000000d5580000)
  object space 56320K, 29% used [0x0000000080000000,0x00000000810047a0,0x0000000083700000)
 Metaspace       used 52852K, capacity 54952K, committed 55208K, reserved 1097728K
  class space    used 7097K, capacity 7551K, committed 7600K, reserved 1048576K
Event: 12.628 GC heap after
Heap after GC invocations=14 (full 2):
 PSYoungGen      total 207872K, used 14324K [0x00000000d5580000, 0x00000000e3f00000, 0x0000000100000000)
  eden space 193536K, 0% used [0x00000000d5580000,0x00000000d5580000,0x00000000e1280000)
  from space 14336K, 99% used [0x00000000e2680000,0x00000000e347d1e0,0x00000000e3480000)
  to   space 20480K, 0% used [0x00000000e1280000,0x00000000e1280000,0x00000000e2680000)
 ParOldGen       total 56320K, used 27256K [0x0000000080000000, 0x0000000083700000, 0x00000000d5580000)
  object space 56320K, 48% used [0x0000000080000000,0x0000000081a9e080,0x0000000083700000)
 Metaspace       used 52852K, capacity 54952K, committed 55208K, reserved 1097728K
  class space    used 7097K, capacity 7551K, committed 7600K, reserved 1048576K
}
Event: 13.615 GC heap before
{Heap before GC invocations=15 (full 2):
 PSYoungGen      total 207872K, used 86677K [0x00000000d5580000, 0x00000000e3f00000, 0x0000000100000000)
  eden space 193536K, 37% used [0x00000000d5580000,0x00000000d9c28268,0x00000000e1280000)
  from space 14336K, 99% used [0x00000000e2680000,0x00000000e347d1e0,0x00000000e3480000)
  to   space 20480K, 0% used [0x00000000e1280000,0x00000000e1280000,0x00000000e2680000)
 ParOldGen       total 56320K, used 27256K [0x0000000080000000, 0x0000000083700000, 0x00000000d5580000)
  object space 56320K, 48% used [0x0000000080000000,0x0000000081a9e080,0x0000000083700000)
 Metaspace       used 56708K, capacity 59026K, committed 59160K, reserved 1099776K
  class space    used 7757K, capacity 8265K, committed 8368K, reserved 1048576K
Event: 13.636 GC heap after
Heap after GC invocations=15 (full 2):
 PSYoungGen      total 214016K, used 7310K [0x00000000d5580000, 0x00000000e8080000, 0x0000000100000000)
  eden space 193536K, 0% used [0x00000000d5580000,0x00000000d5580000,0x00000000e1280000)
  from space 20480K, 35% used [0x00000000e1280000,0x00000000e19a3b18,0x00000000e2680000)
  to   space 19456K, 0% used [0x00000000e6d80000,0x00000000e6d80000,0x00000000e8080000)
 ParOldGen       total 56320K, used 37566K [0x0000000080000000, 0x0000000083700000, 0x00000000d5580000)
  object space 56320K, 66% used [0x0000000080000000,0x00000000824afbb8,0x0000000083700000)
 Metaspace       used 56708K, capacity 59026K, committed 59160K, reserved 1099776K
  class space    used 7757K, capacity 8265K, committed 8368K, reserved 1048576K
}
Event: 13.636 GC heap before
{Heap before GC invocations=16 (full 3):
 PSYoungGen      total 214016K, used 7310K [0x00000000d5580000, 0x00000000e8080000, 0x0000000100000000)
  eden space 193536K, 0% used [0x00000000d5580000,0x00000000d5580000,0x00000000e1280000)
  from space 20480K, 35% used [0x00000000e1280000,0x00000000e19a3b18,0x00000000e2680000)
  to   space 19456K, 0% used [0x00000000e6d80000,0x00000000e6d80000,0x00000000e8080000)
 ParOldGen       total 56320K, used 37566K [0x0000000080000000, 0x0000000083700000, 0x00000000d5580000)
  object space 56320K, 66% used [0x0000000080000000,0x00000000824afbb8,0x0000000083700000)
 Metaspace       used 56708K, capacity 59026K, committed 59160K, reserved 1099776K
  class space    used 7757K, capacity 8265K, committed 8368K, reserved 1048576K
Event: 13.898 GC heap after
Heap after GC invocations=16 (full 3):
 PSYoungGen      total 214016K, used 0K [0x00000000d5580000, 0x00000000e8080000, 0x0000000100000000)
  eden space 193536K, 0% used [0x00000000d5580000,0x00000000d5580000,0x00000000e1280000)
  from space 20480K, 0% used [0x00000000e1280000,0x00000000e1280000,0x00000000e2680000)
  to   space 19456K, 0% used [0x00000000e6d80000,0x00000000e6d80000,0x00000000e8080000)
 ParOldGen       total 95744K, used 36536K [0x0000000080000000, 0x0000000085d80000, 0x00000000d5580000)
  object space 95744K, 38% used [0x0000000080000000,0x00000000823ae338,0x0000000085d80000)
 Metaspace       used 56697K, capacity 58990K, committed 59160K, reserved 1099776K
  class space    used 7754K, capacity 8259K, committed 8368K, reserved 1048576K
}
Event: 16.680 GC heap before
{Heap before GC invocations=17 (full 3):
 PSYoungGen      total 214016K, used 193536K [0x00000000d5580000, 0x00000000e8080000, 0x0000000100000000)
  eden space 193536K, 100% used [0x00000000d5580000,0x00000000e1280000,0x00000000e1280000)
  from space 20480K, 0% used [0x00000000e1280000,0x00000000e1280000,0x00000000e2680000)
  to   space 19456K, 0% used [0x00000000e6d80000,0x00000000e6d80000,0x00000000e8080000)
 ParOldGen       total 95744K, used 36536K [0x0000000080000000, 0x0000000085d80000, 0x00000000d5580000)
  object space 95744K, 38% used [0x0000000080000000,0x00000000823ae338,0x0000000085d80000)
 Metaspace       used 63910K, capacity 67056K, committed 67368K, reserved 1107968K
  class space    used 8829K, capacity 9460K, committed 9520K, reserved 1048576K
Event: 16.702 GC heap after
Heap after GC invocations=17 (full 3):
 PSYoungGen      total 260608K, used 18470K [0x00000000d5580000, 0x00000000e8000000, 0x0000000100000000)
  eden space 241664K, 0% used [0x00000000d5580000,0x00000000d5580000,0x00000000e4180000)
  from space 18944K, 97% used [0x00000000e6d80000,0x00000000e7f89a88,0x00000000e8000000)
  to   space 22016K, 0% used [0x00000000e5500000,0x00000000e5500000,0x00000000e6a80000)
 ParOldGen       total 95744K, used 36544K [0x0000000080000000, 0x0000000085d80000, 0x00000000d5580000)
  object space 95744K, 38% used [0x0000000080000000,0x00000000823b0338,0x0000000085d80000)
 Metaspace       used 63910K, capacity 67056K, committed 67368K, reserved 1107968K
  class space    used 8829K, capacity 9460K, committed 9520K, reserved 1048576K
}

