# JRE version: OpenJDK Runtime Environment (8.0_242-b01) (build 1.8.0_242-release-1644-b01)
# Java VM: OpenJDK 64-Bit Server VM (25.242-b01 mixed mode windows-amd64 compressed oops)
Heap:
 PSYoungGen      total 152064K, used 150813K [0x00000000d5580000, 0x00000000e2b00000, 0x0000000100000000)
  eden space 139776K, 99% used [0x00000000d5580000,0x00000000ddccb2b0,0x00000000dde00000)
  from space 12288K, 99% used [0x00000000dde00000,0x00000000de9fc350,0x00000000dea00000)
  to   space 14336K, 0% used [0x00000000e1d00000,0x00000000e1d00000,0x00000000e2b00000)
 ParOldGen       total 59392K, used 16142K [0x0000000080000000, 0x0000000083a00000, 0x00000000d5580000)
  object space 59392K, 27% used [0x0000000080000000,0x0000000080fc3bc8,0x0000000083a00000)
 Metaspace       used 52083K, capacity 54148K, committed 54312K, reserved 1095680K
  class space    used 6982K, capacity 7431K, committed 7472K, reserved 1048576K
GC Heap History (10 events):
Event: 6.869 GC heap before
{Heap before GC invocations=9 (full 1):
 PSYoungGen      total 105472K, used 3092K [0x00000000d5580000, 0x00000000dc580000, 0x0000000100000000)
  eden space 96256K, 0% used [0x00000000d5580000,0x00000000d5580000,0x00000000db380000)
  from space 9216K, 33% used [0x00000000dbc80000,0x00000000dbf85040,0x00000000dc580000)
  to   space 9216K, 0% used [0x00000000db380000,0x00000000db380000,0x00000000dbc80000)
 ParOldGen       total 65536K, used 7515K [0x0000000080000000, 0x0000000084000000, 0x00000000d5580000)
  object space 65536K, 11% used [0x0000000080000000,0x0000000080756e18,0x0000000084000000)
 Metaspace       used 20561K, capacity 21212K, committed 21296K, reserved 1067008K
  class space    used 2874K, capacity 3076K, committed 3120K, reserved 1048576K
Event: 6.930 GC heap after
Heap after GC invocations=9 (full 1):
 PSYoungGen      total 105472K, used 0K [0x00000000d5580000, 0x00000000dc580000, 0x0000000100000000)
  eden space 96256K, 0% used [0x00000000d5580000,0x00000000d5580000,0x00000000db380000)
  from space 9216K, 0% used [0x00000000dbc80000,0x00000000dbc80000,0x00000000dc580000)
  to   space 9216K, 0% used [0x00000000db380000,0x00000000db380000,0x00000000dbc80000)
 ParOldGen       total 39424K, used 6752K [0x0000000080000000, 0x0000000082680000, 0x00000000d5580000)
  object space 39424K, 17% used [0x0000000080000000,0x0000000080698360,0x0000000082680000)
 Metaspace       used 20561K, capacity 21212K, committed 21296K, reserved 1067008K
  class space    used 2874K, capacity 3076K, committed 3120K, reserved 1048576K
}
Event: 9.220 GC heap before
{Heap before GC invocations=10 (full 1):
 PSYoungGen      total 105472K, used 96256K [0x00000000d5580000, 0x00000000dc580000, 0x0000000100000000)
  eden space 96256K, 100% used [0x00000000d5580000,0x00000000db380000,0x00000000db380000)
  from space 9216K, 0% used [0x00000000dbc80000,0x00000000dbc80000,0x00000000dc580000)
  to   space 9216K, 0% used [0x00000000db380000,0x00000000db380000,0x00000000dbc80000)
 ParOldGen       total 39424K, used 6752K [0x0000000080000000, 0x0000000082680000, 0x00000000d5580000)
  object space 39424K, 17% used [0x0000000080000000,0x0000000080698360,0x0000000082680000)
 Metaspace       used 31233K, capacity 32162K, committed 32432K, reserved 1077248K
  class space    used 4240K, capacity 4466K, committed 4528K, reserved 1048576K
Event: 9.250 GC heap after
Heap after GC invocations=10 (full 1):
 PSYoungGen      total 105472K, used 9200K [0x00000000d5580000, 0x00000000df600000, 0x0000000100000000)
  eden space 96256K, 0% used [0x00000000d5580000,0x00000000d5580000,0x00000000db380000)
  from space 9216K, 99% used [0x00000000db380000,0x00000000dbc7c188,0x00000000dbc80000)
  to   space 11264K, 0% used [0x00000000deb00000,0x00000000deb00000,0x00000000df600000)
 ParOldGen       total 39424K, used 8816K [0x0000000080000000, 0x0000000082680000, 0x00000000d5580000)
  object space 39424K, 22% used [0x0000000080000000,0x000000008089c3b0,0x0000000082680000)
 Metaspace       used 31233K, capacity 32162K, committed 32432K, reserved 1077248K
  class space    used 4240K, capacity 4466K, committed 4528K, reserved 1048576K
}
Event: 10.753 GC heap before
{Heap before GC invocations=11 (full 1):
 PSYoungGen      total 105472K, used 71445K [0x00000000d5580000, 0x00000000df600000, 0x0000000100000000)
  eden space 96256K, 64% used [0x00000000d5580000,0x00000000d92493f0,0x00000000db380000)
  from space 9216K, 99% used [0x00000000db380000,0x00000000dbc7c188,0x00000000dbc80000)
  to   space 11264K, 0% used [0x00000000deb00000,0x00000000deb00000,0x00000000df600000)
 ParOldGen       total 39424K, used 8816K [0x0000000080000000, 0x0000000082680000, 0x00000000d5580000)
  object space 39424K, 22% used [0x0000000080000000,0x000000008089c3b0,0x0000000082680000)
 Metaspace       used 34307K, capacity 35402K, committed 35496K, reserved 1079296K
  class space    used 4722K, capacity 5002K, committed 5040K, reserved 1048576K
Event: 10.767 GC heap after
Heap after GC invocations=11 (full 1):
 PSYoungGen      total 151040K, used 9579K [0x00000000d5580000, 0x00000000df600000, 0x0000000100000000)
  eden space 139776K, 0% used [0x00000000d5580000,0x00000000d5580000,0x00000000dde00000)
  from space 11264K, 85% used [0x00000000deb00000,0x00000000df45ac60,0x00000000df600000)
  to   space 12288K, 0% used [0x00000000dde00000,0x00000000dde00000,0x00000000dea00000)
 ParOldGen       total 39424K, used 8824K [0x0000000080000000, 0x0000000082680000, 0x00000000d5580000)
  object space 39424K, 22% used [0x0000000080000000,0x000000008089e3b0,0x0000000082680000)
 Metaspace       used 34307K, capacity 35402K, committed 35496K, reserved 1079296K
  class space    used 4722K, capacity 5002K, committed 5040K, reserved 1048576K
}
Event: 10.767 GC heap before
{Heap before GC invocations=12 (full 2):
 PSYoungGen      total 151040K, used 9579K [0x00000000d5580000, 0x00000000df600000, 0x0000000100000000)
  eden space 139776K, 0% used [0x00000000d5580000,0x00000000d5580000,0x00000000dde00000)
  from space 11264K, 85% used [0x00000000deb00000,0x00000000df45ac60,0x00000000df600000)
  to   space 12288K, 0% used [0x00000000dde00000,0x00000000dde00000,0x00000000dea00000)
 ParOldGen       total 39424K, used 8824K [0x0000000080000000, 0x0000000082680000, 0x00000000d5580000)
  object space 39424K, 22% used [0x0000000080000000,0x000000008089e3b0,0x0000000082680000)
 Metaspace       used 34307K, capacity 35402K, committed 35496K, reserved 1079296K
  class space    used 4722K, capacity 5002K, committed 5040K, reserved 1048576K
Event: 10.845 GC heap after
Heap after GC invocations=12 (full 2):
 PSYoungGen      total 151040K, used 0K [0x00000000d5580000, 0x00000000df600000, 0x0000000100000000)
  eden space 139776K, 0% used [0x00000000d5580000,0x00000000d5580000,0x00000000dde00000)
  from space 11264K, 0% used [0x00000000deb00000,0x00000000deb00000,0x00000000df600000)
  to   space 12288K, 0% used [0x00000000dde00000,0x00000000dde00000,0x00000000dea00000)
 ParOldGen       total 59392K, used 15816K [0x0000000080000000, 0x0000000083a00000, 0x00000000d5580000)
  object space 59392K, 26% used [0x0000000080000000,0x0000000080f72308,0x0000000083a00000)
 Metaspace       used 34307K, capacity 35402K, committed 35496K, reserved 1079296K
  class space    used 4722K, capacity 5002K, committed 5040K, reserved 1048576K
}
Event: 13.871 GC heap before
{Heap before GC invocations=13 (full 2):
 PSYoungGen      total 151040K, used 139776K [0x00000000d5580000, 0x00000000df600000, 0x0000000100000000)
  eden space 139776K, 100% used [0x00000000d5580000,0x00000000dde00000,0x00000000dde00000)
  from space 11264K, 0% used [0x00000000deb00000,0x00000000deb00000,0x00000000df600000)
  to   space 12288K, 0% used [0x00000000dde00000,0x00000000dde00000,0x00000000dea00000)
 ParOldGen       total 59392K, used 15816K [0x0000000080000000, 0x0000000083a00000, 0x00000000d5580000)
  object space 59392K, 26% used [0x0000000080000000,0x0000000080f72308,0x0000000083a00000)
 Metaspace       used 40634K, capacity 42458K, committed 42664K, reserved 1085440K
  class space    used 5587K, capacity 6013K, committed 6064K, reserved 1048576K
Event: 13.895 GC heap after
Heap after GC invocations=13 (full 2):
 PSYoungGen      total 152064K, used 12272K [0x00000000d5580000, 0x00000000e2b00000, 0x0000000100000000)
  eden space 139776K, 0% used [0x00000000d5580000,0x00000000d5580000,0x00000000dde00000)
  from space 12288K, 99% used [0x00000000dde00000,0x00000000de9fc350,0x00000000dea00000)
  to   space 14336K, 0% used [0x00000000e1d00000,0x00000000e1d00000,0x00000000e2b00000)
 ParOldGen       total 59392K, used 16142K [0x0000000080000000, 0x0000000083a00000, 0x00000000d5580000)
  object space 59392K, 27% used [0x0000000080000000,0x0000000080fc3bc8,0x0000000083a00000)
 Metaspace       used 40634K, capacity 42458K, committed 42664K, reserved 1085440K
  class space    used 5587K, capacity 6013K, committed 6064K, reserved 1048576K
}

