# JRE version: OpenJDK Runtime Environment (8.0_242-b01) (build 1.8.0_242-release-1644-b01)
# Java VM: OpenJDK 64-Bit Server VM (25.242-b01 mixed mode windows-amd64 compressed oops)
Heap:
 PSYoungGen      total 189440K, used 2918K [0x00000000d5580000, 0x00000000e2680000, 0x0000000100000000)
  eden space 177152K, 1% used [0x00000000d5580000,0x00000000d5859ad8,0x00000000e0280000)
  from space 12288K, 0% used [0x00000000e0e80000,0x00000000e0e80000,0x00000000e1a80000)
  to   space 10240K, 0% used [0x00000000e1c80000,0x00000000e1c80000,0x00000000e2680000)
 ParOldGen       total 56832K, used 19902K [0x0000000080000000, 0x0000000083780000, 0x00000000d5580000)
  object space 56832K, 35% used [0x0000000080000000,0x000000008136fac8,0x0000000083780000)
 Metaspace       used 38577K, capacity 40126K, committed 40872K, reserved 1085440K
  class space    used 5310K, capacity 5639K, committed 5808K, reserved 1048576K
GC Heap History (10 events):
Event: 5.256 GC heap before
{Heap before GC invocations=11 (full 2):
 PSYoungGen      total 189440K, used 9527K [0x00000000d5580000, 0x00000000e2680000, 0x0000000100000000)
  eden space 177152K, 0% used [0x00000000d5580000,0x00000000d5580000,0x00000000e0280000)
  from space 12288K, 77% used [0x00000000e0e80000,0x00000000e17cdfb0,0x00000000e1a80000)
  to   space 10240K, 0% used [0x00000000e1c80000,0x00000000e1c80000,0x00000000e2680000)
 ParOldGen       total 38912K, used 7825K [0x0000000080000000, 0x0000000082600000, 0x00000000d5580000)
  object space 38912K, 20% used [0x0000000080000000,0x00000000807a46c0,0x0000000082600000)
 Metaspace       used 34296K, capacity 35414K, committed 35496K, reserved 1079296K
  class space    used 4714K, capacity 5002K, committed 5040K, reserved 1048576K
Event: 5.300 GC heap after
Heap after GC invocations=11 (full 2):
 PSYoungGen      total 189440K, used 0K [0x00000000d5580000, 0x00000000e2680000, 0x0000000100000000)
  eden space 177152K, 0% used [0x00000000d5580000,0x00000000d5580000,0x00000000e0280000)
  from space 12288K, 0% used [0x00000000e0e80000,0x00000000e0e80000,0x00000000e1a80000)
  to   space 10240K, 0% used [0x00000000e1c80000,0x00000000e1c80000,0x00000000e2680000)
 ParOldGen       total 56832K, used 15806K [0x0000000080000000, 0x0000000083780000, 0x00000000d5580000)
  object space 56832K, 27% used [0x0000000080000000,0x0000000080f6f8d0,0x0000000083780000)
 Metaspace       used 34296K, capacity 35414K, committed 35496K, reserved 1079296K
  class space    used 4714K, capacity 5002K, committed 5040K, reserved 1048576K
}
Event: 6.486 GC heap before
{Heap before GC invocations=12 (full 2):
 PSYoungGen      total 189440K, used 144596K [0x00000000d5580000, 0x00000000e2680000, 0x0000000100000000)
  eden space 177152K, 81% used [0x00000000d5580000,0x00000000de2b5158,0x00000000e0280000)
  from space 12288K, 0% used [0x00000000e0e80000,0x00000000e0e80000,0x00000000e1a80000)
  to   space 10240K, 0% used [0x00000000e1c80000,0x00000000e1c80000,0x00000000e2680000)
 ParOldGen       total 56832K, used 15806K [0x0000000080000000, 0x0000000083780000, 0x00000000d5580000)
  object space 56832K, 27% used [0x0000000080000000,0x0000000080f6f8d0,0x0000000083780000)
 Metaspace       used 38766K, capacity 40516K, committed 40616K, reserved 1087488K
  class space    used 5353K, capacity 5742K, committed 5808K, reserved 1048576K
Event: 6.497 GC heap after
Heap after GC invocations=12 (full 2):
 PSYoungGen      total 187392K, used 10224K [0x00000000d5580000, 0x00000000e2680000, 0x0000000100000000)
  eden space 177152K, 0% used [0x00000000d5580000,0x00000000d5580000,0x00000000e0280000)
  from space 10240K, 99% used [0x00000000e1c80000,0x00000000e267c0e0,0x00000000e2680000)
  to   space 12288K, 0% used [0x00000000e0e80000,0x00000000e0e80000,0x00000000e1a80000)
 ParOldGen       total 56832K, used 16345K [0x0000000080000000, 0x0000000083780000, 0x00000000d5580000)
  object space 56832K, 28% used [0x0000000080000000,0x0000000080ff67a0,0x0000000083780000)
 Metaspace       used 38766K, capacity 40516K, committed 40616K, reserved 1087488K
  class space    used 5353K, capacity 5742K, committed 5808K, reserved 1048576K
}
Event: 6.497 GC heap before
{Heap before GC invocations=13 (full 3):
 PSYoungGen      total 187392K, used 10224K [0x00000000d5580000, 0x00000000e2680000, 0x0000000100000000)
  eden space 177152K, 0% used [0x00000000d5580000,0x00000000d5580000,0x00000000e0280000)
  from space 10240K, 99% used [0x00000000e1c80000,0x00000000e267c0e0,0x00000000e2680000)
  to   space 12288K, 0% used [0x00000000e0e80000,0x00000000e0e80000,0x00000000e1a80000)
 ParOldGen       total 56832K, used 16345K [0x0000000080000000, 0x0000000083780000, 0x00000000d5580000)
  object space 56832K, 28% used [0x0000000080000000,0x0000000080ff67a0,0x0000000083780000)
 Metaspace       used 38766K, capacity 40516K, committed 40616K, reserved 1087488K
  class space    used 5353K, capacity 5742K, committed 5808K, reserved 1048576K
Event: 6.675 GC heap after
Heap after GC invocations=13 (full 3):
 PSYoungGen      total 187392K, used 0K [0x00000000d5580000, 0x00000000e2680000, 0x0000000100000000)
  eden space 177152K, 0% used [0x00000000d5580000,0x00000000d5580000,0x00000000e0280000)
  from space 10240K, 0% used [0x00000000e1c80000,0x00000000e1c80000,0x00000000e2680000)
  to   space 12288K, 0% used [0x00000000e0e80000,0x00000000e0e80000,0x00000000e1a80000)
 ParOldGen       total 56832K, used 22770K [0x0000000080000000, 0x0000000083780000, 0x00000000d5580000)
  object space 56832K, 40% used [0x0000000080000000,0x000000008163cab0,0x0000000083780000)
 Metaspace       used 38722K, capacity 40366K, committed 40616K, reserved 1085440K
  class space    used 5339K, capacity 5717K, committed 5808K, reserved 1048576K
}
Event: 6.675 GC heap before
{Heap before GC invocations=14 (full 3):
 PSYoungGen      total 187392K, used 0K [0x00000000d5580000, 0x00000000e2680000, 0x0000000100000000)
  eden space 177152K, 0% used [0x00000000d5580000,0x00000000d5580000,0x00000000e0280000)
  from space 10240K, 0% used [0x00000000e1c80000,0x00000000e1c80000,0x00000000e2680000)
  to   space 12288K, 0% used [0x00000000e0e80000,0x00000000e0e80000,0x00000000e1a80000)
 ParOldGen       total 56832K, used 22770K [0x0000000080000000, 0x0000000083780000, 0x00000000d5580000)
  object space 56832K, 40% used [0x0000000080000000,0x000000008163cab0,0x0000000083780000)
 Metaspace       used 38722K, capacity 40366K, committed 40616K, reserved 1089536K
  class space    used 5339K, capacity 5717K, committed 5808K, reserved 1048576K
Event: 6.677 GC heap after
Heap after GC invocations=14 (full 3):
 PSYoungGen      total 189440K, used 0K [0x00000000d5580000, 0x00000000e2680000, 0x0000000100000000)
  eden space 177152K, 0% used [0x00000000d5580000,0x00000000d5580000,0x00000000e0280000)
  from space 12288K, 0% used [0x00000000e0e80000,0x00000000e0e80000,0x00000000e1a80000)
  to   space 10240K, 0% used [0x00000000e1c80000,0x00000000e1c80000,0x00000000e2680000)
 ParOldGen       total 56832K, used 22770K [0x0000000080000000, 0x0000000083780000, 0x00000000d5580000)
  object space 56832K, 40% used [0x0000000080000000,0x000000008163cab0,0x0000000083780000)
 Metaspace       used 38722K, capacity 40366K, committed 40616K, reserved 1089536K
  class space    used 5339K, capacity 5717K, committed 5808K, reserved 1048576K
}
Event: 6.677 GC heap before
{Heap before GC invocations=15 (full 4):
 PSYoungGen      total 189440K, used 0K [0x00000000d5580000, 0x00000000e2680000, 0x0000000100000000)
  eden space 177152K, 0% used [0x00000000d5580000,0x00000000d5580000,0x00000000e0280000)
  from space 12288K, 0% used [0x00000000e0e80000,0x00000000e0e80000,0x00000000e1a80000)
  to   space 10240K, 0% used [0x00000000e1c80000,0x00000000e1c80000,0x00000000e2680000)
 ParOldGen       total 56832K, used 22770K [0x0000000080000000, 0x0000000083780000, 0x00000000d5580000)
  object space 56832K, 40% used [0x0000000080000000,0x000000008163cab0,0x0000000083780000)
 Metaspace       used 38722K, capacity 40366K, committed 40616K, reserved 1089536K
  class space    used 5339K, capacity 5717K, committed 5808K, reserved 1048576K
Event: 6.807 GC heap after
Heap after GC invocations=15 (full 4):
 PSYoungGen      total 189440K, used 0K [0x00000000d5580000, 0x00000000e2680000, 0x0000000100000000)
  eden space 177152K, 0% used [0x00000000d5580000,0x00000000d5580000,0x00000000e0280000)
  from space 12288K, 0% used [0x00000000e0e80000,0x00000000e0e80000,0x00000000e1a80000)
  to   space 10240K, 0% used [0x00000000e1c80000,0x00000000e1c80000,0x00000000e2680000)
 ParOldGen       total 56832K, used 19902K [0x0000000080000000, 0x0000000083780000, 0x00000000d5580000)
  object space 56832K, 35% used [0x0000000080000000,0x000000008136fac8,0x0000000083780000)
 Metaspace       used 38497K, capacity 39964K, committed 40616K, reserved 1085440K
  class space    used 5292K, capacity 5628K, committed 5808K, reserved 1048576K
}

